This file contains any messages produced by compilers while
running configure, to aid debugging if configure makes a mistake.

It was created by SU2 configure 5.0.0, which was
generated by GNU Autoconf 2.63.  Invocation command line was

  $ ../configure --prefix=/Users/Sravya/Desktop/SU2_tmp_spatialcoarse --enable-mpi

## --------- ##
## Platform. ##
## --------- ##

hostname = DN0a22c70d.SUNet
uname -m = x86_64
uname -r = 17.3.0
uname -s = Darwin
uname -v = Darwin Kernel Version 17.3.0: Thu Nov  9 18:09:22 PST 2017; root:xnu-4570.31.3~1/RELEASE_X86_64

/usr/bin/uname -p = i386
/bin/uname -X     = unknown

/bin/arch              = unknown
/usr/bin/arch -k       = unknown
/usr/convex/getsysinfo = unknown
/usr/bin/hostinfo      = Mach kernel version:
	 Darwin Kernel Version 17.3.0: Thu Nov  9 18:09:22 PST 2017; root:xnu-4570.31.3~1/RELEASE_X86_64
Kernel configured for up to 4 processors.
2 processors are physically available.
4 processors are logically available.
Processor type: x86_64h (Intel x86-64h Haswell)
Processors active: 0 1 2 3
Primary memory available: 8.00 gigabytes
Default processor set: 399 tasks, 1787 threads, 4 processors
Load average: 3.32, Mach factor: 1.43
/bin/machine           = unknown
/usr/bin/oslevel       = unknown
/bin/universe          = unknown

PATH: /Library/TeX/Distributions/.DefaultTeX/Contents/Programs/texbin/pdflatex
PATH: /Users/Sravya/anaconda2/bin/jupyter-notebook
PATH: /Users/Sravya/anaconda/bin/python
PATH: /Applications/Xcode.app/Contents/Developer/Toolchains/XcodeDefault.xctoolchain/usr/bin
PATH: /Applications/Xcode.app/Contents/Developer/usr/bin
PATH: /usr/local/bin
PATH: /Applications/Tecplot 360 EX 2015 R2/bin/
PATH: /Users/Sravya/google-cloud-sdk/bin
PATH: /Users/Sravya/anaconda2/bin
PATH: /opt/local/bin
PATH: /opt/local/sbin
PATH: /usr/local/bin
PATH: /Users/Sravya/anaconda/bin
PATH: /usr/local/bin
PATH: /usr/local/bin
PATH: /usr/bin
PATH: /bin
PATH: /usr/sbin
PATH: /sbin
PATH: /Library/TeX/texbin
PATH: /opt/X11/bin
PATH: /Applications/paraview/Contents/MacOS/
PATH: /Applications/gedit.app/Contents/MacOS/
PATH: /Users/Sravya/Desktop/tmp/SU2/bin
PATH: /Users/Sravya/Desktop/tmp/SU2/bin
PATH: /applications/tau/tau/apple/bin


## ----------- ##
## Core tests. ##
## ----------- ##

configure:2055: checking build system type
configure:2073: result: x86_64-apple-darwin17.3.0
configure:2095: checking host system type
configure:2110: result: x86_64-apple-darwin17.3.0
configure:2132: checking target system type
configure:2147: result: x86_64-apple-darwin17.3.0
configure:2191: checking for a BSD-compatible install
configure:2259: result: /usr/bin/install -c
configure:2270: checking whether build environment is sane
configure:2330: result: yes
configure:2471: checking for a thread-safe mkdir -p
configure:2510: result: ../install-sh -c -d
configure:2523: checking for gawk
configure:2553: result: no
configure:2523: checking for mawk
configure:2553: result: no
configure:2523: checking for nawk
configure:2553: result: no
configure:2523: checking for awk
configure:2539: found /usr/bin/awk
configure:2550: result: awk
configure:2561: checking whether make sets $(MAKE)
configure:2583: result: yes
configure:2691: checking for style of include used by make
configure:2719: result: GNU
configure:2844: checking for mpicxx
configure:2860: found /usr/local/bin/mpicxx
configure:2871: result: mpicxx
configure:2898: checking for C++ compiler version
configure:2906: mpicxx --version >&5
Configured with: --prefix=/Applications/Xcode.app/Contents/Developer/usr --with-gxx-include-dir=/usr/include/c++/4.2.1
Apple LLVM version 9.0.0 (clang-900.0.39.2)
Target: x86_64-apple-darwin17.3.0
Thread model: posix
InstalledDir: /Applications/Xcode.app/Contents/Developer/Toolchains/XcodeDefault.xctoolchain/usr/bin
configure:2910: $? = 0
configure:2917: mpicxx -v >&5
Configured with: --prefix=/Applications/Xcode.app/Contents/Developer/usr --with-gxx-include-dir=/usr/include/c++/4.2.1
Apple LLVM version 9.0.0 (clang-900.0.39.2)
Target: x86_64-apple-darwin17.3.0
Thread model: posix
InstalledDir: /Applications/Xcode.app/Contents/Developer/Toolchains/XcodeDefault.xctoolchain/usr/bin
configure:2921: $? = 0
configure:2928: mpicxx -V >&5
clang: error: argument to '-V' is missing (expected 1 value)
clang: error: no input files
configure:2932: $? = 1
configure:2955: checking for C++ compiler default output file name
configure:2977: mpicxx  -DHAVE_MPI   conftest.cpp  >&5
configure:2981: $? = 0
configure:3019: result: a.out
configure:3038: checking whether the C++ compiler works
configure:3048: ./a.out
configure:3052: $? = 0
configure:3071: result: yes
configure:3078: checking whether we are cross compiling
configure:3080: result: no
configure:3083: checking for suffix of executables
configure:3090: mpicxx -o conftest  -DHAVE_MPI   conftest.cpp  >&5
configure:3094: $? = 0
configure:3120: result: 
configure:3126: checking for suffix of object files
configure:3152: mpicxx -c  -DHAVE_MPI  conftest.cpp >&5
configure:3156: $? = 0
configure:3181: result: o
configure:3185: checking whether we are using the GNU C++ compiler
configure:3214: mpicxx -c  -DHAVE_MPI  conftest.cpp >&5
configure:3221: $? = 0
configure:3238: result: yes
configure:3247: checking whether mpicxx accepts -g
configure:3277: mpicxx -c -g -DHAVE_MPI  conftest.cpp >&5
configure:3284: $? = 0
configure:3385: result: yes
configure:3410: checking dependency style of mpicxx
configure:3520: result: gcc3
configure:3610: checking for mpicc
configure:3626: found /usr/local/bin/mpicc
configure:3637: result: mpicc
configure:3671: checking for C compiler version
configure:3679: mpicc --version >&5
Configured with: --prefix=/Applications/Xcode.app/Contents/Developer/usr --with-gxx-include-dir=/usr/include/c++/4.2.1
Apple LLVM version 9.0.0 (clang-900.0.39.2)
Target: x86_64-apple-darwin17.3.0
Thread model: posix
InstalledDir: /Applications/Xcode.app/Contents/Developer/Toolchains/XcodeDefault.xctoolchain/usr/bin
configure:3683: $? = 0
configure:3690: mpicc -v >&5
Configured with: --prefix=/Applications/Xcode.app/Contents/Developer/usr --with-gxx-include-dir=/usr/include/c++/4.2.1
Apple LLVM version 9.0.0 (clang-900.0.39.2)
Target: x86_64-apple-darwin17.3.0
Thread model: posix
InstalledDir: /Applications/Xcode.app/Contents/Developer/Toolchains/XcodeDefault.xctoolchain/usr/bin
configure:3694: $? = 0
configure:3701: mpicc -V >&5
clang: error: argument to '-V' is missing (expected 1 value)
clang: error: no input files
configure:3705: $? = 1
configure:3708: checking whether we are using the GNU C compiler
configure:3737: mpicc -c  -DHAVE_MPI  conftest.c >&5
configure:3744: $? = 0
configure:3761: result: yes
configure:3770: checking whether mpicc accepts -g
configure:3800: mpicc -c -g -DHAVE_MPI  conftest.c >&5
configure:3807: $? = 0
configure:3908: result: yes
configure:3925: checking for mpicc option to accept ISO C89
configure:3999: mpicc  -c -g -O2 -DHAVE_MPI  conftest.c >&5
configure:4006: $? = 0
configure:4029: result: none needed
configure:4049: checking dependency style of mpicc
configure:4159: result: gcc3
configure:4177: checking whether mpicc and cc understand -c and -o together
configure:4212: mpicc -c conftest.c -o conftest2.o >&5
configure:4216: $? = 0
configure:4222: mpicc -c conftest.c -o conftest2.o >&5
configure:4226: $? = 0
configure:4237: cc -c conftest.c >&5
configure:4241: $? = 0
configure:4249: cc -c conftest.c -o conftest2.o >&5
configure:4253: $? = 0
configure:4259: cc -c conftest.c -o conftest2.o >&5
configure:4263: $? = 0
configure:4281: result: yes
configure:4351: checking for ranlib
configure:4367: found /Applications/Xcode.app/Contents/Developer/Toolchains/XcodeDefault.xctoolchain/usr/bin/ranlib
configure:4378: result: ranlib
configure:4400: checking for a thread-safe mkdir -p
configure:4439: result: ../install-sh -c -d
configure:4554: checking for C++ compiler version
configure:4562: mpicxx --version >&5
Configured with: --prefix=/Applications/Xcode.app/Contents/Developer/usr --with-gxx-include-dir=/usr/include/c++/4.2.1
Apple LLVM version 9.0.0 (clang-900.0.39.2)
Target: x86_64-apple-darwin17.3.0
Thread model: posix
InstalledDir: /Applications/Xcode.app/Contents/Developer/Toolchains/XcodeDefault.xctoolchain/usr/bin
configure:4566: $? = 0
configure:4573: mpicxx -v >&5
Configured with: --prefix=/Applications/Xcode.app/Contents/Developer/usr --with-gxx-include-dir=/usr/include/c++/4.2.1
Apple LLVM version 9.0.0 (clang-900.0.39.2)
Target: x86_64-apple-darwin17.3.0
Thread model: posix
InstalledDir: /Applications/Xcode.app/Contents/Developer/Toolchains/XcodeDefault.xctoolchain/usr/bin
configure:4577: $? = 0
configure:4584: mpicxx -V >&5
clang: error: argument to '-V' is missing (expected 1 value)
clang: error: no input files
configure:4588: $? = 1
configure:4591: checking whether we are using the GNU C++ compiler
configure:4644: result: yes
configure:4653: checking whether mpicxx accepts -g
configure:4791: result: yes
configure:4816: checking dependency style of mpicxx
configure:4926: result: gcc3
configure:4953: checking how to run the C preprocessor
configure:4993: mpicc -E -DHAVE_MPI  conftest.c
configure:5000: $? = 0
configure:5031: mpicc -E -DHAVE_MPI  conftest.c
conftest.c:10:10: fatal error: 'ac_nonexistent.h' file not found
#include <ac_nonexistent.h>
         ^~~~~~~~~~~~~~~~~~
1 error generated.
configure:5038: $? = 1
configure: failed program was:
| /* confdefs.h.  */
| #define PACKAGE_NAME "SU2"
| #define PACKAGE_TARNAME "SU2"
| #define PACKAGE_VERSION "5.0.0"
| #define PACKAGE_STRING "SU2 5.0.0"
| #define PACKAGE_BUGREPORT "su2code-dev@lists.stanford.edu"
| #define PACKAGE "SU2"
| #define VERSION "5.0.0"
| /* end confdefs.h.  */
| #include <ac_nonexistent.h>
configure:5071: result: mpicc -E
configure:5100: mpicc -E -DHAVE_MPI  conftest.c
configure:5107: $? = 0
configure:5138: mpicc -E -DHAVE_MPI  conftest.c
conftest.c:10:10: fatal error: 'ac_nonexistent.h' file not found
#include <ac_nonexistent.h>
         ^~~~~~~~~~~~~~~~~~
1 error generated.
configure:5145: $? = 1
configure: failed program was:
| /* confdefs.h.  */
| #define PACKAGE_NAME "SU2"
| #define PACKAGE_TARNAME "SU2"
| #define PACKAGE_VERSION "5.0.0"
| #define PACKAGE_STRING "SU2 5.0.0"
| #define PACKAGE_BUGREPORT "su2code-dev@lists.stanford.edu"
| #define PACKAGE "SU2"
| #define VERSION "5.0.0"
| /* end confdefs.h.  */
| #include <ac_nonexistent.h>
configure:5185: checking for grep that handles long lines and -e
configure:5245: result: /usr/bin/grep
configure:5250: checking for egrep
configure:5314: result: /usr/bin/grep -E
configure:5319: checking for ANSI C header files
configure:5349: mpicc -c -g -O2 -DHAVE_MPI  conftest.c >&5
configure:5356: $? = 0
configure:5455: mpicc -o conftest -g -O2 -DHAVE_MPI   conftest.c  >&5
configure:5459: $? = 0
configure:5465: ./conftest
configure:5469: $? = 0
configure:5487: result: yes
configure:5511: checking for sys/types.h
configure:5532: mpicc -c -g -O2 -DHAVE_MPI  conftest.c >&5
configure:5539: $? = 0
configure:5556: result: yes
configure:5511: checking for sys/stat.h
configure:5532: mpicc -c -g -O2 -DHAVE_MPI  conftest.c >&5
configure:5539: $? = 0
configure:5556: result: yes
configure:5511: checking for stdlib.h
configure:5532: mpicc -c -g -O2 -DHAVE_MPI  conftest.c >&5
configure:5539: $? = 0
configure:5556: result: yes
configure:5511: checking for string.h
configure:5532: mpicc -c -g -O2 -DHAVE_MPI  conftest.c >&5
configure:5539: $? = 0
configure:5556: result: yes
configure:5511: checking for memory.h
configure:5532: mpicc -c -g -O2 -DHAVE_MPI  conftest.c >&5
configure:5539: $? = 0
configure:5556: result: yes
configure:5511: checking for strings.h
configure:5532: mpicc -c -g -O2 -DHAVE_MPI  conftest.c >&5
configure:5539: $? = 0
configure:5556: result: yes
configure:5511: checking for inttypes.h
configure:5532: mpicc -c -g -O2 -DHAVE_MPI  conftest.c >&5
configure:5539: $? = 0
configure:5556: result: yes
configure:5511: checking for stdint.h
configure:5532: mpicc -c -g -O2 -DHAVE_MPI  conftest.c >&5
configure:5539: $? = 0
configure:5556: result: yes
configure:5511: checking for unistd.h
configure:5532: mpicc -c -g -O2 -DHAVE_MPI  conftest.c >&5
configure:5539: $? = 0
configure:5556: result: yes
configure:5574: checking size of short int
configure:5879: mpicc -o conftest -g -O2 -DHAVE_MPI   conftest.c  >&5
configure:5883: $? = 0
configure:5889: ./conftest
configure:5893: $? = 0
configure:5919: result: 2
configure:5933: checking size of int
configure:6238: mpicc -o conftest -g -O2 -DHAVE_MPI   conftest.c  >&5
configure:6242: $? = 0
configure:6248: ./conftest
configure:6252: $? = 0
configure:6278: result: 4
configure:6292: checking size of unsigned int
configure:6597: mpicc -o conftest -g -O2 -DHAVE_MPI   conftest.c  >&5
configure:6601: $? = 0
configure:6607: ./conftest
configure:6611: $? = 0
configure:6637: result: 4
configure:6651: checking size of long int
configure:6956: mpicc -o conftest -g -O2 -DHAVE_MPI   conftest.c  >&5
configure:6960: $? = 0
configure:6966: ./conftest
configure:6970: $? = 0
configure:6996: result: 8
configure:7010: checking size of float
configure:7315: mpicc -o conftest -g -O2 -DHAVE_MPI   conftest.c  >&5
configure:7319: $? = 0
configure:7325: ./conftest
configure:7329: $? = 0
configure:7355: result: 4
configure:7369: checking size of double
configure:7674: mpicc -o conftest -g -O2 -DHAVE_MPI   conftest.c  >&5
configure:7678: $? = 0
configure:7684: ./conftest
configure:7688: $? = 0
configure:7714: result: 8
configure:7728: checking size of void *
configure:8033: mpicc -o conftest -g -O2 -DHAVE_MPI   conftest.c  >&5
configure:8037: $? = 0
configure:8043: ./conftest
configure:8047: $? = 0
configure:8073: result: 8
configure:8300: checking X11/Intrinsic.h usability
configure:8317: mpicc -c -g -O2 -DHAVE_MPI  conftest.c >&5
conftest.c:60:10: fatal error: 'X11/Intrinsic.h' file not found
#include <X11/Intrinsic.h>
         ^~~~~~~~~~~~~~~~~
1 error generated.
configure:8324: $? = 1
configure: failed program was:
| /* confdefs.h.  */
| #define PACKAGE_NAME "SU2"
| #define PACKAGE_TARNAME "SU2"
| #define PACKAGE_VERSION "5.0.0"
| #define PACKAGE_STRING "SU2 5.0.0"
| #define PACKAGE_BUGREPORT "su2code-dev@lists.stanford.edu"
| #define PACKAGE "SU2"
| #define VERSION "5.0.0"
| #define STDC_HEADERS 1
| #define HAVE_SYS_TYPES_H 1
| #define HAVE_SYS_STAT_H 1
| #define HAVE_STDLIB_H 1
| #define HAVE_STRING_H 1
| #define HAVE_MEMORY_H 1
| #define HAVE_STRINGS_H 1
| #define HAVE_INTTYPES_H 1
| #define HAVE_STDINT_H 1
| #define HAVE_UNISTD_H 1
| #define SIZEOF_SHORT_INT 2
| #define SIZEOF_INT 4
| #define SIZEOF_UNSIGNED_INT 4
| #define SIZEOF_LONG_INT 8
| #define SIZEOF_FLOAT 4
| #define SIZEOF_DOUBLE 8
| #define SIZEOF_VOID_P 8
| /* end confdefs.h.  */
| #include <stdio.h>
| #ifdef HAVE_SYS_TYPES_H
| # include <sys/types.h>
| #endif
| #ifdef HAVE_SYS_STAT_H
| # include <sys/stat.h>
| #endif
| #ifdef STDC_HEADERS
| # include <stdlib.h>
| # include <stddef.h>
| #else
| # ifdef HAVE_STDLIB_H
| #  include <stdlib.h>
| # endif
| #endif
| #ifdef HAVE_STRING_H
| # if !defined STDC_HEADERS && defined HAVE_MEMORY_H
| #  include <memory.h>
| # endif
| # include <string.h>
| #endif
| #ifdef HAVE_STRINGS_H
| # include <strings.h>
| #endif
| #ifdef HAVE_INTTYPES_H
| # include <inttypes.h>
| #endif
| #ifdef HAVE_STDINT_H
| # include <stdint.h>
| #endif
| #ifdef HAVE_UNISTD_H
| # include <unistd.h>
| #endif
| #include <X11/Intrinsic.h>
configure:8338: result: no
configure:8342: checking X11/Intrinsic.h presence
configure:8357: mpicc -E -DHAVE_MPI  conftest.c
conftest.c:27:10: fatal error: 'X11/Intrinsic.h' file not found
#include <X11/Intrinsic.h>
         ^~~~~~~~~~~~~~~~~
1 error generated.
configure:8364: $? = 1
configure: failed program was:
| /* confdefs.h.  */
| #define PACKAGE_NAME "SU2"
| #define PACKAGE_TARNAME "SU2"
| #define PACKAGE_VERSION "5.0.0"
| #define PACKAGE_STRING "SU2 5.0.0"
| #define PACKAGE_BUGREPORT "su2code-dev@lists.stanford.edu"
| #define PACKAGE "SU2"
| #define VERSION "5.0.0"
| #define STDC_HEADERS 1
| #define HAVE_SYS_TYPES_H 1
| #define HAVE_SYS_STAT_H 1
| #define HAVE_STDLIB_H 1
| #define HAVE_STRING_H 1
| #define HAVE_MEMORY_H 1
| #define HAVE_STRINGS_H 1
| #define HAVE_INTTYPES_H 1
| #define HAVE_STDINT_H 1
| #define HAVE_UNISTD_H 1
| #define SIZEOF_SHORT_INT 2
| #define SIZEOF_INT 4
| #define SIZEOF_UNSIGNED_INT 4
| #define SIZEOF_LONG_INT 8
| #define SIZEOF_FLOAT 4
| #define SIZEOF_DOUBLE 8
| #define SIZEOF_VOID_P 8
| /* end confdefs.h.  */
| #include <X11/Intrinsic.h>
configure:8378: result: no
configure:8411: checking for X11/Intrinsic.h
configure:8418: result: no
configure:8900: result: <<< Configuring library with Metis support >>>
configure:8978: result: <<< Configuring library with Parmetis support >>>
configure:9046: result: <<< Configuring library with CGNS support >>>
configure:10428: creating ./config.status

## ---------------------- ##
## Running config.status. ##
## ---------------------- ##

This file was extended by SU2 config.status 5.0.0, which was
generated by GNU Autoconf 2.63.  Invocation command line was

  CONFIG_FILES    = 
  CONFIG_HEADERS  = 
  CONFIG_LINKS    = 
  CONFIG_COMMANDS = 
  $ ./config.status 

on DN0a22c70d.SUNet

config.status:801: creating externals/tecio/Makefile
config.status:801: creating externals/metis/Makefile
config.status:801: creating externals/parmetis/Makefile
config.status:801: creating externals/cgns/Makefile
config.status:801: creating Makefile
config.status:801: creating externals/Makefile
config.status:801: creating Common/lib/Makefile
config.status:801: creating SU2_CFD/obj/Makefile
config.status:801: creating SU2_DOT/obj/Makefile
config.status:801: creating SU2_MSH/obj/Makefile
config.status:801: creating SU2_DEF/obj/Makefile
config.status:801: creating SU2_SOL/obj/Makefile
config.status:801: creating SU2_GEO/obj/Makefile
config.status:801: creating SU2_PY/Makefile
config.status:801: creating SU2_PY/pySU2/Makefile
config.status:1005: executing depfiles commands
configure:11670: result:

-------------------------------------------------------------------------
|    ___ _   _ ___                                                      |
|   / __| | | |_  )   Release 5.0.0 'Raven'                             |
|   \__ \ |_| |/ /                                                      |
|   |___/\___//___|   Suite                                             |
|                                                                       |
-------------------------------------------------------------------------
| SU2 Lead Dev.: Dr. Francisco Palacios, Francisco.D.Palacios@boeing.com|
|                Dr. Thomas D. Economon, economon@stanford.edu          |
-------------------------------------------------------------------------
| SU2 Developers:                                                       |
| - Prof. Juan J. Alonso's group at Stanford University.                |
| - Prof. Piero Colonna's group at Delft University of Technology.      |
| - Prof. Nicolas R. Gauger's group at Kaiserslautern U. of Technology. |
| - Prof. Alberto Guardone's group at Polytechnic University of Milan.  |
| - Prof. Rafael Palacios' group at Imperial College London.            |
| - Prof. Edwin van der Weide's group at the University of Twente.      |
| - Prof. Vincent Terrapon's group at the University of Liege.          |
-------------------------------------------------------------------------
| Copyright (C) 2012-2017 SU2, the open-source CFD code.                |
|                                                                       |
| SU2 is free software; you can redistribute it and/or                  |
| modify it under the terms of the GNU Lesser General Public            |
| License as published by the Free Software Foundation; either          |
| version 2.1 of the License, or (at your option) any later version.    |
|                                                                       |
| SU2 is distributed in the hope that it will be useful,                |
| but WITHOUT ANY WARRANTY; without even the implied warranty of        |
| MERCHANTABILITY or FITNESS FOR A PARTICULAR PURPOSE. See the GNU      |
| Lesser General Public License for more details.                       |
|                                                                       |
| You should have received a copy of the GNU Lesser General Public      |
| License along with SU2. If not, see <http://www.gnu.org/licenses/>.   |
-------------------------------------------------------------------------

Build Configuration Summary:

    Source code location: /Users/Sravya/Desktop/SU2_tmp_spatialcoarse
    Install location: 	  /Users/Sravya/Desktop/SU2_tmp_spatialcoarse
    Version:              5.0.0
    C++ Compiler:         mpicxx
    C Compiler:           mpicc
    Preprocessor flags:   -DHAVE_MPI 
    Compiler flags:       -g -O2
    Linker flags:         
    MPI support:          yes
    Metis support:        yes
    Parmetis support:     yes
    TecIO support:        no
    CGNS support:         yes
    HDF5 support:         no
    SZIP support:         no
    ZLIB support:         no
    Mutation++ support:   no
    Jsoncpp support: 	  no
    LAPACK support:       no
    Datatype support:
        double              yes
        complex             no
        codi_reverse        no
        codi_forward        no

    External includes:    -DHAVE_CGNS -I$(top_srcdir)/externals/cgns -I$(top_srcdir)/externals/cgns/adf -DHAVE_PARMETIS -I$(top_srcdir)/externals/parmetis/include -DHAVE_METIS -I$(top_srcdir)/externals/metis/include 
    External libs:        $(top_builddir)/externals/cgns/libcgns.a $(top_builddir)/externals/parmetis/libparmetis.a $(top_builddir)/externals/metis/libmetis.a 

    Build SU2_CFD:        yes
    Build SU2_DOT:        yes
    Build SU2_MSH:        yes
    Build SU2_DEF:        yes
    Build SU2_SOL:        yes
    Build SU2_GEO:        yes
    Build Py Wrapper:     no

Please be sure to add the $SU2_HOME and $SU2_RUN environment variables,
and update your $PATH (and $PYTHONPATH if applicable) with $SU2_RUN.

Based on the input to this configuration, add these lines to your .bashrc file:

export SU2_RUN="/Users/Sravya/Desktop/SU2_tmp_spatialcoarse/bin"
export SU2_HOME="/Users/Sravya/Desktop/SU2_tmp_spatialcoarse"
export PATH=$PATH:$SU2_RUN
export PYTHONPATH=$PYTHONPATH:$SU2_RUN



## ---------------- ##
## Cache variables. ##
## ---------------- ##

ac_cv_build=x86_64-apple-darwin17.3.0
ac_cv_c_compiler_gnu=yes
ac_cv_cxx_compiler_gnu=yes
ac_cv_env_CCC_set=
ac_cv_env_CCC_value=
ac_cv_env_CC_set=
ac_cv_env_CC_value=
ac_cv_env_CFLAGS_set=
ac_cv_env_CFLAGS_value=
ac_cv_env_CPPFLAGS_set=
ac_cv_env_CPPFLAGS_value=
ac_cv_env_CPP_set=
ac_cv_env_CPP_value=
ac_cv_env_CXXFLAGS_set=
ac_cv_env_CXXFLAGS_value=
ac_cv_env_CXX_set=
ac_cv_env_CXX_value=
ac_cv_env_LDFLAGS_set=
ac_cv_env_LDFLAGS_value=
ac_cv_env_LIBS_set=
ac_cv_env_LIBS_value=
ac_cv_env_build_alias_set=
ac_cv_env_build_alias_value=
ac_cv_env_host_alias_set=
ac_cv_env_host_alias_value=
ac_cv_env_target_alias_set=
ac_cv_env_target_alias_value=
ac_cv_header_X11_Intrinsic_h=no
ac_cv_header_inttypes_h=yes
ac_cv_header_memory_h=yes
ac_cv_header_stdc=yes
ac_cv_header_stdint_h=yes
ac_cv_header_stdlib_h=yes
ac_cv_header_string_h=yes
ac_cv_header_strings_h=yes
ac_cv_header_sys_stat_h=yes
ac_cv_header_sys_types_h=yes
ac_cv_header_unistd_h=yes
ac_cv_host=x86_64-apple-darwin17.3.0
ac_cv_objext=o
ac_cv_path_EGREP='/usr/bin/grep -E'
ac_cv_path_GREP=/usr/bin/grep
ac_cv_path_install='/usr/bin/install -c'
ac_cv_prog_AWK=awk
ac_cv_prog_CPP='mpicc -E'
ac_cv_prog_ac_ct_CC=mpicc
ac_cv_prog_ac_ct_CXX=mpicxx
ac_cv_prog_ac_ct_RANLIB=ranlib
ac_cv_prog_cc_c89=
ac_cv_prog_cc_g=yes
ac_cv_prog_cc_mpicc_c_o=yes
ac_cv_prog_cxx_g=yes
ac_cv_prog_make_make_set=yes
ac_cv_sizeof_double=8
ac_cv_sizeof_float=4
ac_cv_sizeof_int=4
ac_cv_sizeof_long_int=8
ac_cv_sizeof_short_int=2
ac_cv_sizeof_unsigned_int=4
ac_cv_sizeof_void_p=8
ac_cv_target=x86_64-apple-darwin17.3.0
am_cv_CC_dependencies_compiler_type=gcc3
am_cv_CXX_dependencies_compiler_type=gcc3

## ----------------- ##
## Output variables. ##
## ----------------- ##

ACLOCAL='${SHELL} /Users/Sravya/Desktop/SU2_tmp_spatialcoarse/missing --run aclocal-1.11'
AMDEPBACKSLASH='\'
AMDEP_FALSE='#'
AMDEP_TRUE=''
AMTAR='${SHELL} /Users/Sravya/Desktop/SU2_tmp_spatialcoarse/missing --run tar'
AM_BACKSLASH='\'
AM_DEFAULT_VERBOSITY='0'
AUTOCONF='${SHELL} /Users/Sravya/Desktop/SU2_tmp_spatialcoarse/missing --run autoconf'
AUTOHEADER='${SHELL} /Users/Sravya/Desktop/SU2_tmp_spatialcoarse/missing --run autoheader'
AUTOMAKE='${SHELL} /Users/Sravya/Desktop/SU2_tmp_spatialcoarse/missing --run automake-1.11'
AWK='awk'
BUILD_CFD_FALSE='#'
BUILD_CFD_TRUE=''
BUILD_CGNS_FALSE='#'
BUILD_CGNS_TRUE=''
BUILD_DEF_FALSE='#'
BUILD_DEF_TRUE=''
BUILD_DIRECTDIFF_FALSE=''
BUILD_DIRECTDIFF_TRUE='#'
BUILD_DOT_FALSE='#'
BUILD_DOT_TRUE=''
BUILD_GEO_FALSE='#'
BUILD_GEO_TRUE=''
BUILD_HDF5_FALSE=''
BUILD_HDF5_TRUE='#'
BUILD_JSONCPP_FALSE=''
BUILD_JSONCPP_TRUE='#'
BUILD_LAPACK_FALSE=''
BUILD_LAPACK_TRUE='#'
BUILD_METIS_FALSE='#'
BUILD_METIS_TRUE=''
BUILD_MSH_FALSE='#'
BUILD_MSH_TRUE=''
BUILD_MUTATIONPP_FALSE=''
BUILD_MUTATIONPP_TRUE='#'
BUILD_NORMAL_FALSE='#'
BUILD_NORMAL_TRUE=''
BUILD_PARMETIS_FALSE='#'
BUILD_PARMETIS_TRUE=''
BUILD_PY_FALSE='#'
BUILD_PY_TRUE=''
BUILD_PY_WRAPPER_FALSE=''
BUILD_PY_WRAPPER_TRUE='#'
BUILD_REVERSE_FALSE=''
BUILD_REVERSE_TRUE='#'
BUILD_SOL_FALSE='#'
BUILD_SOL_TRUE=''
BUILD_SZIP_FALSE=''
BUILD_SZIP_TRUE='#'
BUILD_TECIO_FALSE=''
BUILD_TECIO_TRUE='#'
BUILD_ZLIB_FALSE=''
BUILD_ZLIB_TRUE='#'
CC='mpicc'
CCDEPMODE='depmode=gcc3'
CFLAGS='-g -O2'
CGNS_INCLUDE='-I$(top_srcdir)/externals/cgns -I$(top_srcdir)/externals/cgns/adf'
CGNS_LIB='$(top_builddir)/externals/cgns/libcgns.a'
CPP='mpicc -E'
CPPFLAGS='-DHAVE_MPI '
CXX='mpicxx'
CXXDEPMODE='depmode=gcc3'
CXXFLAGS='-g -O2'
CYGPATH_W='echo'
DEFS='-DPACKAGE_NAME=\"SU2\" -DPACKAGE_TARNAME=\"SU2\" -DPACKAGE_VERSION=\"5.0.0\" -DPACKAGE_STRING=\"SU2\ 5.0.0\" -DPACKAGE_BUGREPORT=\"su2code-dev@lists.stanford.edu\" -DPACKAGE=\"SU2\" -DVERSION=\"5.0.0\" -DSTDC_HEADERS=1 -DHAVE_SYS_TYPES_H=1 -DHAVE_SYS_STAT_H=1 -DHAVE_STDLIB_H=1 -DHAVE_STRING_H=1 -DHAVE_MEMORY_H=1 -DHAVE_STRINGS_H=1 -DHAVE_INTTYPES_H=1 -DHAVE_STDINT_H=1 -DHAVE_UNISTD_H=1 -DSIZEOF_SHORT_INT=2 -DSIZEOF_INT=4 -DSIZEOF_UNSIGNED_INT=4 -DSIZEOF_LONG_INT=8 -DSIZEOF_FLOAT=4 -DSIZEOF_DOUBLE=8 -DSIZEOF_VOID_P=8 -DHAVE_METIS=1 -DHAVE_PARMETIS=1 -DHAVE_CGNS=1'
DEPDIR='.deps'
DIRECTDIFF_CXX=''
DIRECTDIFF_LIBS=''
ECHO_C='\c'
ECHO_N=''
ECHO_T=''
EGREP='/usr/bin/grep -E'
EXEEXT=''
GREP='/usr/bin/grep'
HDF5_CXX=''
HDF5_LD=''
INSTALL_DATA='${INSTALL} -m 644'
INSTALL_PROGRAM='${INSTALL}'
INSTALL_SCRIPT='${INSTALL}'
INSTALL_STRIP_PROGRAM='$(install_sh) -c -s'
JSONCPP_CXX=''
JSONCPP_LD=''
LAPACK_CXX=''
LAPACK_LD=''
LDFLAGS=''
LIBOBJS=''
LIBS=''
LTLIBOBJS=''
MAKEINFO='${SHELL} /Users/Sravya/Desktop/SU2_tmp_spatialcoarse/missing --run makeinfo'
METIS_INCLUDE='-I$(top_srcdir)/externals/metis/include'
METIS_LIB='$(top_builddir)/externals/metis/libmetis.a'
MKDIR_P='../install-sh -c -d'
MUTATIONPP_CXX=''
MUTATIONPP_LD=''
OBJEXT='o'
PACKAGE='SU2'
PACKAGE_BUGREPORT='su2code-dev@lists.stanford.edu'
PACKAGE_NAME='SU2'
PACKAGE_STRING='SU2 5.0.0'
PACKAGE_TARNAME='SU2'
PACKAGE_VERSION='5.0.0'
PARMETIS_INCLUDE='-I$(top_srcdir)/externals/parmetis/include'
PARMETIS_LIB='$(top_builddir)/externals/parmetis/libparmetis.a'
PATH_SEPARATOR=':'
RANLIB='ranlib'
REVERSE_CXX=''
REVERSE_LIBS=''
SET_MAKE=''
SHELL='/bin/sh'
STRIP=''
SU2_CGNS_CPPFLAGS=''
SU2_METIS_CPPFLAGS='-D_FILE_OFFSET_BITS=64 -DNDEBUG -DNDEBUG2 -DHAVE_EXECINFO_H -DHAVE_GETLINE'
SU2_PARMETIS_CPPFLAGS=''
SZIP_CXX=''
SZIP_LD=''
TECIO_CPPFLAGS=''
TECIO_INCLUDE=''
VERSION='5.0.0'
ZLIB_CXX=''
ZLIB_LD=''
ac_ct_CC='mpicc'
ac_ct_CXX='mpicxx'
am__EXEEXT_FALSE=''
am__EXEEXT_TRUE='#'
am__fastdepCC_FALSE='#'
am__fastdepCC_TRUE=''
am__fastdepCXX_FALSE='#'
am__fastdepCXX_TRUE=''
am__include='include'
am__isrc=' -I$(srcdir)'
am__leading_dot='.'
am__quote=''
am__tar='${AMTAR} chof - "$$tardir"'
am__untar='${AMTAR} xf -'
bindir='${exec_prefix}/bin'
build='x86_64-apple-darwin17.3.0'
build_alias=''
build_cpu='x86_64'
build_os='darwin17.3.0'
build_vendor='apple'
datadir='${datarootdir}'
datarootdir='${prefix}/share'
docdir='${datarootdir}/doc/${PACKAGE_TARNAME}'
dvidir='${docdir}'
exec_prefix='${prefix}'
host='x86_64-apple-darwin17.3.0'
host_alias=''
host_cpu='x86_64'
host_os='darwin17.3.0'
host_vendor='apple'
htmldir='${docdir}'
includedir='${prefix}/include'
infodir='${datarootdir}/info'
install_sh='${SHELL} /Users/Sravya/Desktop/SU2_tmp_spatialcoarse/install-sh'
libdir='${exec_prefix}/lib'
libexecdir='${exec_prefix}/libexec'
localedir='${datarootdir}/locale'
localstatedir='${prefix}/var'
mandir='${datarootdir}/man'
mkdir_p='$(top_builddir)/../install-sh -c -d'
oldincludedir='/usr/include'
pdfdir='${docdir}'
prefix='/Users/Sravya/Desktop/SU2_tmp_spatialcoarse'
program_transform_name='s,x,x,'
psdir='${docdir}'
sbindir='${exec_prefix}/sbin'
sharedstatedir='${prefix}/com'
su2_externals_INCLUDES='-DHAVE_CGNS -I$(top_srcdir)/externals/cgns -I$(top_srcdir)/externals/cgns/adf -DHAVE_PARMETIS -I$(top_srcdir)/externals/parmetis/include -DHAVE_METIS -I$(top_srcdir)/externals/metis/include '
su2_externals_LIBS='$(top_builddir)/externals/cgns/libcgns.a $(top_builddir)/externals/parmetis/libparmetis.a $(top_builddir)/externals/metis/libmetis.a '
sysconfdir='${prefix}/etc'
target='x86_64-apple-darwin17.3.0'
target_alias=''
target_cpu='x86_64'
target_os='darwin17.3.0'
target_vendor='apple'

## ----------- ##
## confdefs.h. ##
## ----------- ##

#define PACKAGE_NAME "SU2"
#define PACKAGE_TARNAME "SU2"
#define PACKAGE_VERSION "5.0.0"
#define PACKAGE_STRING "SU2 5.0.0"
#define PACKAGE_BUGREPORT "su2code-dev@lists.stanford.edu"
#define PACKAGE "SU2"
#define VERSION "5.0.0"
#define STDC_HEADERS 1
#define HAVE_SYS_TYPES_H 1
#define HAVE_SYS_STAT_H 1
#define HAVE_STDLIB_H 1
#define HAVE_STRING_H 1
#define HAVE_MEMORY_H 1
#define HAVE_STRINGS_H 1
#define HAVE_INTTYPES_H 1
#define HAVE_STDINT_H 1
#define HAVE_UNISTD_H 1
#define SIZEOF_SHORT_INT 2
#define SIZEOF_INT 4
#define SIZEOF_UNSIGNED_INT 4
#define SIZEOF_LONG_INT 8
#define SIZEOF_FLOAT 4
#define SIZEOF_DOUBLE 8
#define SIZEOF_VOID_P 8
#define HAVE_METIS 1
#define HAVE_PARMETIS 1
#define HAVE_CGNS 1

configure: exit 0
